<?xml version="1.0" encoding="UTF-8"?>
<!-- Generated by org.testng.reporters.JUnitReportReporter -->
<testsuite skipped="0" hostname="DESKTOP-9KETV9A" name="com.qa.test.LoginPageTest" tests="1" failures="0" timestamp="2020-11-29T17:49:15 IST" time="0.004" errors="0">
  <testcase name="test4" time="0.004" classname="com.qa.test.LoginPageTest"/>
  <system-out/>
</testsuite> <!-- com.qa.test.LoginPageTest -->
