<?xml version="1.0" encoding="UTF-8"?>
<!-- Generated by org.testng.reporters.JUnitReportReporter -->
<testsuite skipped="1" hostname="DESKTOP-9KETV9A" name="com.qa.test.HomePageTest" tests="3" failures="0" timestamp="2020-11-29T17:49:15 IST" time="0.020" errors="0">
  <testcase name="test1" time="0.011" classname="com.qa.test.HomePageTest"/>
  <system-out/>
  <testcase name="test2" time="0.009" classname="com.qa.test.HomePageTest"/>
  <system-out/>
  <testcase name="test3" classname="com.qa.test.HomePageTest">
    <skipped/>
  </testcase> <!-- test3 -->
  <system-out/>
</testsuite> <!-- com.qa.test.HomePageTest -->
